Added Component: Designator=D2(TO-220)
Add component (AddParameter): Name = "Availability"; Value = "Unavailable"; VariantName = "[No Variations]"
Add component (AddParameter): Name = "MF"; Value = ""; VariantName = "[No Variations]"
Add component (AddParameter): Name = "MP"; Value = "MBRF20200CT"; VariantName = "[No Variations]"
Add component (AddParameter): Name = "Package"; Value = "None"; VariantName = "[No Variations]"
Add component (AddParameter): Name = "Price"; Value = "None"; VariantName = "[No Variations]"
Add component (AddParameter): Name = "Value"; Value = ""; VariantName = "[No Variations]"
Added Component: Designator=D3(TO-220)
Add component (AddParameter): Name = "Availability"; Value = "Unavailable"; VariantName = "[No Variations]"
Add component (AddParameter): Name = "MF"; Value = ""; VariantName = "[No Variations]"
Add component (AddParameter): Name = "MP"; Value = "MBRF20200CT"; VariantName = "[No Variations]"
Add component (AddParameter): Name = "Package"; Value = "None"; VariantName = "[No Variations]"
Add component (AddParameter): Name = "Price"; Value = "None"; VariantName = "[No Variations]"
Add component (AddParameter): Name = "Value"; Value = ""; VariantName = "[No Variations]"
Added Component: Designator=D4(TO-220)
Add component (AddParameter): Name = "Availability"; Value = "Unavailable"; VariantName = "[No Variations]"
Add component (AddParameter): Name = "MF"; Value = ""; VariantName = "[No Variations]"
Add component (AddParameter): Name = "MP"; Value = "MBRF20200CT"; VariantName = "[No Variations]"
Add component (AddParameter): Name = "Package"; Value = "None"; VariantName = "[No Variations]"
Add component (AddParameter): Name = "Price"; Value = "None"; VariantName = "[No Variations]"
Add component (AddParameter): Name = "Value"; Value = ""; VariantName = "[No Variations]"
Added Component: Designator=D5(TO-220)
Add component (AddParameter): Name = "Availability"; Value = "Unavailable"; VariantName = "[No Variations]"
Add component (AddParameter): Name = "MF"; Value = ""; VariantName = "[No Variations]"
Add component (AddParameter): Name = "MP"; Value = "MBRF20200CT"; VariantName = "[No Variations]"
Add component (AddParameter): Name = "Package"; Value = "None"; VariantName = "[No Variations]"
Add component (AddParameter): Name = "Price"; Value = "None"; VariantName = "[No Variations]"
Add component (AddParameter): Name = "Value"; Value = ""; VariantName = "[No Variations]"
Added Pin To Net: NetName=NetCx8_2 Pin=D2-1
Added Pin To Net: NetName=NetD2_2 Pin=D2-2
Added Pin To Net: NetName=NetCx8_2 Pin=D2-3
Added Pin To Net: NetName=NetCx8_2 Pin=D3-1
Added Pin To Net: NetName=NetD2_2 Pin=D3-2
Added Pin To Net: NetName=NetCx8_2 Pin=D3-3
Added Pin To Net: NetName=NetCx8_2 Pin=D4-1
Added Pin To Net: NetName=NetD2_2 Pin=D4-2
Added Pin To Net: NetName=NetCx8_2 Pin=D4-3
Added Pin To Net: NetName=NetCx8_2 Pin=D5-1
Added Pin To Net: NetName=NetD2_2 Pin=D5-2
Added Pin To Net: NetName=NetCx8_2 Pin=D5-3
Added Member To Class: ClassName=Sche_Boost Member=Component D2 Diode schottky
Added Member To Class: ClassName=Sche_Boost Member=Component D3 Diode schottky
Added Member To Class: ClassName=Sche_Boost Member=Component D4 Diode schottky
Added Member To Class: ClassName=Sche_Boost Member=Component D5 Diode schottky
