Removed Pin From Net: NetName=ADC_Current Pin=Cx6-2
Removed Pin From Net: NetName=ADC_Current Pin=D3-3
Removed Pin From Net: NetName=ADC_Current Pin=R5-2
Removed Pin From Net: NetName=ADC_Current Pin=U3-14
Added Component: Designator=Cx1(CN-SMD-1206)
Add component (AddParameter): Name = "Value"; Value = "33pF"; VariantName = "[No Variations]"
Added Component: Designator=Cx2(CN-SMD-1206)
Add component (AddParameter): Name = "Value"; Value = "33pF"; VariantName = "[No Variations]"
Added Component: Designator=R45(RES-SMD-1206)
Add component (AddParameter): Name = "Class"; Value = "Passive"; VariantName = "[No Variations]"
Add component (AddParameter): Name = "Manufacturer"; Value = "Generic Components"; VariantName = "[No Variations]"
Add component (AddParameter): Name = "Published"; Value = "08/06/2000"; VariantName = "[No Variations]"
Add component (AddParameter): Name = "Publisher"; Value = "Altium Hobart Technology Centre"; VariantName = "[No Variations]"
Added Component: Designator=R46(RES-SMD-1206)
Add component (AddParameter): Name = "Class"; Value = "Passive"; VariantName = "[No Variations]"
Add component (AddParameter): Name = "Manufacturer"; Value = "Generic Components"; VariantName = "[No Variations]"
Add component (AddParameter): Name = "Published"; Value = "08/06/2000"; VariantName = "[No Variations]"
Add component (AddParameter): Name = "Publisher"; Value = "Altium Hobart Technology Centre"; VariantName = "[No Variations]"
Added Component: Designator=R47(RES-SMD-1206)
Add component (AddParameter): Name = "Class"; Value = "Passive"; VariantName = "[No Variations]"
Add component (AddParameter): Name = "Manufacturer"; Value = "Generic Components"; VariantName = "[No Variations]"
Add component (AddParameter): Name = "Published"; Value = "08/06/2000"; VariantName = "[No Variations]"
Add component (AddParameter): Name = "Publisher"; Value = "Altium Hobart Technology Centre"; VariantName = "[No Variations]"
Added Component: Designator=R48(RES-SMD-1206)
Add component (AddParameter): Name = "Class"; Value = "Passive"; VariantName = "[No Variations]"
Add component (AddParameter): Name = "Manufacturer"; Value = "Generic Components"; VariantName = "[No Variations]"
Add component (AddParameter): Name = "Published"; Value = "08/06/2000"; VariantName = "[No Variations]"
Add component (AddParameter): Name = "Publisher"; Value = "Altium Hobart Technology Centre"; VariantName = "[No Variations]"
Added Pin To Net: NetName=GND Pin=Cx1-2
Added Pin To Net: NetName=GND Pin=Cx2-2
Added Pin To Net: NetName=GND Pin=R45-1
Added Pin To Net: NetName=GND Pin=R46-1
Added Pin To Net: NetName=ADC_Current Pin=R47-1
Change Net Name : Old Net Name=ADC_Current New Net Name=NetCx5_2
Added Pin To Net: NetName=ADC_Current_1 Pin=Cx1-1
Added Pin To Net: NetName=ADC_Current_1 Pin=R45-2
Added Pin To Net: NetName=ADC_Current_1 Pin=R47-2
Added Pin To Net: NetName=ADC_Current_1 Pin=U3-14
Added Net: Name=ADC_Current_1
Added Pin To Net: NetName=ADC_Current_2 Pin=Cx2-1
Added Pin To Net: NetName=ADC_Current_2 Pin=R46-2
Added Pin To Net: NetName=ADC_Current_2 Pin=R48-2
Added Pin To Net: NetName=ADC_Current_2 Pin=U3-15
Added Net: Name=ADC_Current_2
Added Pin To Net: NetName=NetCx6_2 Pin=Cx6-2
Added Pin To Net: NetName=NetCx6_2 Pin=D3-3
Added Pin To Net: NetName=NetCx6_2 Pin=R5-2
Added Pin To Net: NetName=NetCx6_2 Pin=R48-1
Added Net: Name=NetCx6_2
Added Member To Class: ClassName=Sche_Boost Member=Component Cx1 10nF/1206
Added Member To Class: ClassName=Sche_Boost Member=Component Cx2 10nF/1206
Added Member To Class: ClassName=Sche_Boost Member=Component R45 1K/1206
Added Member To Class: ClassName=Sche_Boost Member=Component R46 1K/1206
Added Member To Class: ClassName=Sche_Boost Member=Component R47 1K/1206
Added Member To Class: ClassName=Sche_Boost Member=Component R48 1K/1206
Added Rule: Name=Schematic Supply Nets_14
Added Rule: Name=Schematic Supply Nets_15
