Removed Pin From Net: NetName=NetCx6_1 Pin=U-5
Removed Pin From Net: NetName=NetCx12_1 Pin=U-6
Removed Pin From Net: NetName=NetR16_1 Pin=U-7
Removed Pin From Net: NetName=GND Pin=U-8
Removed Pin From Net: NetName=+3.3 Pin=U-9
Removed Pin From Net: NetName=ADC_VIN Pin=U-12
Removed Pin From Net: NetName=ADC_VOUT Pin=U-13
Removed Pin From Net: NetName=ADC_Current Pin=U-14
Removed Pin From Net: NetName=NetLED1_2 Pin=U-20
Removed Pin From Net: NetName=GND Pin=U-23
Removed Pin From Net: NetName=+3.3 Pin=U-24
Removed Pin From Net: NetName=PWM_CH1 Pin=U-29
Removed Pin From Net: NetName=PWM_CH2 Pin=U-30
Removed Pin From Net: NetName=RELAY Pin=U-33
Removed Pin From Net: NetName=DIO Pin=U-34
Removed Pin From Net: NetName=GND Pin=U-35
Removed Pin From Net: NetName=+3.3 Pin=U-36
Removed Pin From Net: NetName=CLK Pin=U-37
Removed Pin From Net: NetName=NetLED2_2 Pin=U-39
Removed Pin From Net: NetName=NetR26_2 Pin=U-44
Removed Pin From Net: NetName=GND Pin=U-47
Removed Pin From Net: NetName=+3.3 Pin=U-48
Removed Member From Class: ClassName=Sche_Boost Member=U
Added Component: Designator=U?(QFP50P900X900X160-48N)
Add component (AddParameter): Name = "Availability"; Value = "Unavailable"; VariantName = "[No Variations]"
Add component (AddParameter): Name = "MF"; Value = "STMicroelectronics"; VariantName = "[No Variations]"
Add component (AddParameter): Name = "MP"; Value = "STM32F103C8T7"; VariantName = "[No Variations]"
Add component (AddParameter): Name = "Package"; Value = "LQFP-48 STMicroelectronics"; VariantName = "[No Variations]"
Add component (AddParameter): Name = "Price"; Value = "None"; VariantName = "[No Variations]"
Add component (AddParameter): Name = "SnapEDA_Link"; Value = "https://www.snapeda.com/parts/STM32F103C8T7/STMicroelectronics/view-part/446939/?ref=snap"; VariantName = "[No Variations]"
Add component (AddParameter): Name = "Value"; Value = ""; VariantName = "[No Variations]"
Added Pin To Net: NetName=NetCx6_1 Pin=U?-5
Added Pin To Net: NetName=NetCx12_1 Pin=U?-6
Added Pin To Net: NetName=NetR16_1 Pin=U?-7
Added Pin To Net: NetName=GND Pin=U?-8
Added Pin To Net: NetName=+3.3 Pin=U?-9
Added Pin To Net: NetName=ADC_VIN Pin=U?-12
Added Pin To Net: NetName=ADC_VOUT Pin=U?-13
Added Pin To Net: NetName=ADC_Current Pin=U?-14
Added Pin To Net: NetName=NetLED1_2 Pin=U?-20
Added Pin To Net: NetName=GND Pin=U?-23
Added Pin To Net: NetName=+3.3 Pin=U?-24
Added Pin To Net: NetName=PWM_CH1 Pin=U?-29
Added Pin To Net: NetName=PWM_CH2 Pin=U?-30
Added Pin To Net: NetName=RELAY Pin=U?-33
Added Pin To Net: NetName=DIO Pin=U?-34
Added Pin To Net: NetName=GND Pin=U?-35
Added Pin To Net: NetName=+3.3 Pin=U?-36
Added Pin To Net: NetName=CLK Pin=U?-37
Added Pin To Net: NetName=NetLED2_2 Pin=U?-39
Added Pin To Net: NetName=NetR26_2 Pin=U?-44
Added Pin To Net: NetName=GND Pin=U?-47
Added Pin To Net: NetName=+3.3 Pin=U?-48
Added Member To Class: ClassName=Sche_Boost Member=Component U? STM32F103C8T7
