Added Component: Designator=D6(TO-220)
Add component (AddParameter): Name = "Availability"; Value = "Unavailable"; VariantName = "[No Variations]"
Add component (AddParameter): Name = "MF"; Value = ""; VariantName = "[No Variations]"
Add component (AddParameter): Name = "MP"; Value = "MBRF20200CT"; VariantName = "[No Variations]"
Add component (AddParameter): Name = "Package"; Value = "None"; VariantName = "[No Variations]"
Add component (AddParameter): Name = "Price"; Value = "None"; VariantName = "[No Variations]"
Add component (AddParameter): Name = "Value"; Value = ""; VariantName = "[No Variations]"
Added Component: Designator=D7(TO-220)
Add component (AddParameter): Name = "Availability"; Value = "Unavailable"; VariantName = "[No Variations]"
Add component (AddParameter): Name = "MF"; Value = ""; VariantName = "[No Variations]"
Add component (AddParameter): Name = "MP"; Value = "MBRF20200CT"; VariantName = "[No Variations]"
Add component (AddParameter): Name = "Package"; Value = "None"; VariantName = "[No Variations]"
Add component (AddParameter): Name = "Price"; Value = "None"; VariantName = "[No Variations]"
Add component (AddParameter): Name = "Value"; Value = ""; VariantName = "[No Variations]"
Added Component: Designator=D8(TO-220)
Add component (AddParameter): Name = "Availability"; Value = "Unavailable"; VariantName = "[No Variations]"
Add component (AddParameter): Name = "MF"; Value = ""; VariantName = "[No Variations]"
Add component (AddParameter): Name = "MP"; Value = "MBRF20200CT"; VariantName = "[No Variations]"
Add component (AddParameter): Name = "Package"; Value = "None"; VariantName = "[No Variations]"
Add component (AddParameter): Name = "Price"; Value = "None"; VariantName = "[No Variations]"
Add component (AddParameter): Name = "Value"; Value = ""; VariantName = "[No Variations]"
Added Component: Designator=D9(TO-220)
Add component (AddParameter): Name = "Availability"; Value = "Unavailable"; VariantName = "[No Variations]"
Add component (AddParameter): Name = "MF"; Value = ""; VariantName = "[No Variations]"
Add component (AddParameter): Name = "MP"; Value = "MBRF20200CT"; VariantName = "[No Variations]"
Add component (AddParameter): Name = "Package"; Value = "None"; VariantName = "[No Variations]"
Add component (AddParameter): Name = "Price"; Value = "None"; VariantName = "[No Variations]"
Add component (AddParameter): Name = "Value"; Value = ""; VariantName = "[No Variations]"
Added Pin To Net: NetName=NetCx14_2 Pin=D6-1
Added Pin To Net: NetName=NetD6_2 Pin=D6-2
Added Pin To Net: NetName=NetCx14_2 Pin=D6-3
Added Pin To Net: NetName=NetCx14_2 Pin=D7-1
Added Pin To Net: NetName=NetD6_2 Pin=D7-2
Added Pin To Net: NetName=NetCx14_2 Pin=D7-3
Added Pin To Net: NetName=NetCx14_2 Pin=D8-1
Added Pin To Net: NetName=NetD6_2 Pin=D8-2
Added Pin To Net: NetName=NetCx14_2 Pin=D8-3
Added Pin To Net: NetName=NetCx14_2 Pin=D9-1
Added Pin To Net: NetName=NetD6_2 Pin=D9-2
Added Pin To Net: NetName=NetCx14_2 Pin=D9-3
Added Member To Class: ClassName=Sche_Boost Member=Component D6 Diode schottky
Added Member To Class: ClassName=Sche_Boost Member=Component D7 Diode schottky
Added Member To Class: ClassName=Sche_Boost Member=Component D8 Diode schottky
Added Member To Class: ClassName=Sche_Boost Member=Component D9 Diode schottky
