Change Component Comment : Designator=R5 Old Comment=1K/1206 New Comment=1K0/1206
Change Component Comment : Designator=R46 Old Comment=1K/1206 New Comment=1K0/1206
Change Component Comment : Designator=R4 Old Comment=1K/1206 New Comment=10K/1206
Change Component Comment : Designator=R45 Old Comment=1K/1206 New Comment=10K/1206
Change Component Comment : Designator=Cx31 Old Comment=1uF/0805 New Comment=1uF/1206
Change Component Comment : Designator=D13 Old Comment=10A/200V New Comment=BAV99
Change Component Comment : Designator=Cx10 Old Comment=10uF/0805 New Comment=100nF/1206
Change Component Comment : Designator=Cx11 Old Comment=10uF/0805 New Comment=100nF/1206
Change Component Comment : Designator=X1 Old Comment=12Mhz New Comment=8Mhz
Change Component Comment : Designator=Cx34 Old Comment=22nF/0603 New Comment=22nF/1206
Change Component Comment : Designator=Cx12 Old Comment=22pF/0805 New Comment=22pF/1206
Change Component Comment : Designator=Cx18 Old Comment=22pF/0805 New Comment=22pF/1206
Change Component Comment : Designator=R6 Old Comment=56R/1206 New Comment=100R/1206
Change Component Comment : Designator=R7 Old Comment=56R/1206 New Comment=100R/1206
Change Component Comment : Designator=Cx9 Old Comment=100nF/0805 New Comment=100nF/1206
Change Component Comment : Designator=Cx19 Old Comment=100nF/0805 New Comment=100nF/1206
Change Component Comment : Designator=D1 Old Comment=Diode New Comment=1N4148
Change Component Comment : Designator=D14 Old Comment=Diode New Comment=1N4148
Change Component Comment : Designator=DEBUG Old Comment=LED-Blue New Comment=4.7K/1206
Change Component Comment : Designator=R42 Old Comment=Res New Comment=0.15R/1206
Change Component Comment : Designator=R43 Old Comment=Res New Comment=0.15R/1206
Change Component Comment : Designator=R44 Old Comment=Res New Comment=0.15R/1206
Change Component Comment : Designator=R11 Old Comment=Res New Comment=1k/1206
Change Component Comment : Designator=R17 Old Comment=Res New Comment=1K/1206
Change Component Comment : Designator=R21 Old Comment=Res New Comment=1K/1206
Change Component Comment : Designator=R23 Old Comment=Res New Comment=1K/1206
Change Component Comment : Designator=R25 Old Comment=Res New Comment=1K/1206
Change Component Comment : Designator=R27 Old Comment=Res New Comment=1K/1206
Change Component Comment : Designator=R31 Old Comment=Res New Comment=1K/1206
Change Component Comment : Designator=R33 Old Comment=Res New Comment=1K/1206
Change Component Comment : Designator=R35 Old Comment=Res New Comment=1K/1206
Change Component Comment : Designator=R37 Old Comment=Res New Comment=1K/1206
Change Component Comment : Designator=R49 Old Comment=Res New Comment=1K/1206
Change Component Comment : Designator=R54 Old Comment=Res New Comment=1K/1206
Change Component Comment : Designator=R15 Old Comment=Res New Comment=1M/1206
Change Component Comment : Designator=R40 Old Comment=Res New Comment=2K
Change Component Comment : Designator=R38 Old Comment=Res New Comment=3.3K
Change Component Comment : Designator=R13 Old Comment=Res New Comment=4.7K/1206
Change Component Comment : Designator=R55 Old Comment=Res New Comment=4.7K/1206
Change Component Comment : Designator=R12 Old Comment=Res New Comment=10K/1206
Change Component Comment : Designator=R18 Old Comment=Res New Comment=10K/1206
Change Component Comment : Designator=R19 Old Comment=Res New Comment=10K/1206
Change Component Comment : Designator=R28 Old Comment=Res New Comment=10K/1206
Change Component Comment : Designator=R39 Old Comment=Res New Comment=10K/1206
Change Component Comment : Designator=R20 Old Comment=Res New Comment=22R/1206
Change Component Comment : Designator=R22 Old Comment=Res New Comment=22R/1206
Change Component Comment : Designator=R24 Old Comment=Res New Comment=22R/1206
Change Component Comment : Designator=R26 Old Comment=Res New Comment=22R/1206
Change Component Comment : Designator=R30 Old Comment=Res New Comment=22R/1206
Change Component Comment : Designator=R32 Old Comment=Res New Comment=22R/1206
Change Component Comment : Designator=R34 Old Comment=Res New Comment=22R/1206
Change Component Comment : Designator=R36 Old Comment=Res New Comment=22R/1206
Change Component Comment : Designator=R10 Old Comment=Res New Comment=39k/1206
Change Component Comment : Designator=R16 Old Comment=Res New Comment=39K/1206
Change Component Comment : Designator=R41 Old Comment=Res New Comment=NC
Change Component Comment : Designator=U3 Old Comment=STM32F103C8T7 New Comment=STM32F103C8T6
Change Component Description : Designator=C3 Old Description=CaP-DIP New Description=https://linhkienchatluong.vn/tu-hoa-co-phan-cuc/tu-hoa-35v-10000uf-30x30mm-jccon-audio-chan-cung_sp454_ct14398.aspx
Change Component Description : Designator=C4 Old Description=CaP-DIP New Description=https://linhkienchatluong.vn/tu-hoa-co-phan-cuc/tu-hoa-35v-10000uf-30x30mm-jccon-audio-chan-cung_sp454_ct14398.aspx
Change Component Description : Designator=C10 Old Description=Header IDC, 3 x 1 Pin Vertical 2.54mm Pitch (Non-Boxed, Male) New Description=https://linhkienchatluong.vn/header-xh254-trang/header-duc-3p-xh254-3p-chan-thang-10c_sp861_ct1712.aspx
Change Component Description : Designator=C11 Old Description=Header IDC, 3 x 1 Pin Vertical 2.54mm Pitch (Non-Boxed, Male) New Description=https://linhkienchatluong.vn/header-xh254-trang/header-duc-3p-xh254-3p-chan-thang-10c_sp861_ct1712.aspx
Change Component Description : Designator=C12 Old Description=Header IDC, 3 x 1 Pin Vertical 2.54mm Pitch (Non-Boxed, Male) New Description=https://linhkienchatluong.vn/header-xh254-trang/header-duc-3p-xh254-3p-chan-thang-10c_sp861_ct1712.aspx
Change Component Description : Designator=C13 Old Description=Header IDC, 3 x 1 Pin Vertical 2.54mm Pitch (Non-Boxed, Male) New Description=https://linhkienchatluong.vn/header-xh254-trang/header-duc-3p-xh254-3p-chan-thang-10c_sp861_ct1712.aspx
Change Component Description : Designator=R30 Old Description=Resistor New Description=22R/1206
Change Component Description : Designator=R32 Old Description=Resistor New Description=22R/1206
Change Component Description : Designator=R34 Old Description=Resistor New Description=22R/1206
Change Component Description : Designator=R36 Old Description=Resistor New Description=22R/1206
Change Component Description : Designator=R15 Old Description=Resistor New Description=
Change Component Description : Designator=R18 Old Description=Resistor New Description=
Change Component Description : Designator=R19 Old Description=Resistor New Description=
Change Component Description : Designator=R21 Old Description=Resistor New Description=
Change Component Description : Designator=R23 Old Description=Resistor New Description=
Change Component Description : Designator=R25 Old Description=Resistor New Description=
Change Component Description : Designator=R27 Old Description=Resistor New Description=
Change Component Description : Designator=R31 Old Description=Resistor New Description=
Change Component Description : Designator=R33 Old Description=Resistor New Description=
Change Component Description : Designator=R35 Old Description=Resistor New Description=
Change Component Description : Designator=R37 Old Description=Resistor New Description=
