Added Component: Designator=D8(TO-220)
Add component (AddParameter): Name = "Availability"; Value = "Unavailable"; VariantName = "[No Variations]"
Add component (AddParameter): Name = "MF"; Value = ""; VariantName = "[No Variations]"
Add component (AddParameter): Name = "MP"; Value = "MBRF20200CT"; VariantName = "[No Variations]"
Add component (AddParameter): Name = "Package"; Value = "None"; VariantName = "[No Variations]"
Add component (AddParameter): Name = "Price"; Value = "None"; VariantName = "[No Variations]"
Add component (AddParameter): Name = "Value"; Value = ""; VariantName = "[No Variations]"
Added Component: Designator=D9(TO-220)
Add component (AddParameter): Name = "Availability"; Value = "Unavailable"; VariantName = "[No Variations]"
Add component (AddParameter): Name = "MF"; Value = ""; VariantName = "[No Variations]"
Add component (AddParameter): Name = "MP"; Value = "MBRF20200CT"; VariantName = "[No Variations]"
Add component (AddParameter): Name = "Package"; Value = "None"; VariantName = "[No Variations]"
Add component (AddParameter): Name = "Price"; Value = "None"; VariantName = "[No Variations]"
Add component (AddParameter): Name = "Value"; Value = ""; VariantName = "[No Variations]"
Added Component: Designator=D10(TO-220)
Add component (AddParameter): Name = "Availability"; Value = "Unavailable"; VariantName = "[No Variations]"
Add component (AddParameter): Name = "MF"; Value = ""; VariantName = "[No Variations]"
Add component (AddParameter): Name = "MP"; Value = "MBRF20200CT"; VariantName = "[No Variations]"
Add component (AddParameter): Name = "Package"; Value = "None"; VariantName = "[No Variations]"
Add component (AddParameter): Name = "Price"; Value = "None"; VariantName = "[No Variations]"
Add component (AddParameter): Name = "Value"; Value = ""; VariantName = "[No Variations]"
Added Component: Designator=D11(TO-220)
Add component (AddParameter): Name = "Availability"; Value = "Unavailable"; VariantName = "[No Variations]"
Add component (AddParameter): Name = "MF"; Value = ""; VariantName = "[No Variations]"
Add component (AddParameter): Name = "MP"; Value = "MBRF20200CT"; VariantName = "[No Variations]"
Add component (AddParameter): Name = "Package"; Value = "None"; VariantName = "[No Variations]"
Add component (AddParameter): Name = "Price"; Value = "None"; VariantName = "[No Variations]"
Add component (AddParameter): Name = "Value"; Value = ""; VariantName = "[No Variations]"
Added Pin To Net: NetName=NetCx20_2 Pin=D8-1
Added Pin To Net: NetName=NetD8_2 Pin=D8-2
Added Pin To Net: NetName=NetCx20_2 Pin=D8-3
Added Pin To Net: NetName=NetCx20_2 Pin=D9-1
Added Pin To Net: NetName=NetD8_2 Pin=D9-2
Added Pin To Net: NetName=NetCx20_2 Pin=D9-3
Added Pin To Net: NetName=NetCx20_2 Pin=D10-1
Added Pin To Net: NetName=NetD8_2 Pin=D10-2
Added Pin To Net: NetName=NetCx20_2 Pin=D10-3
Added Pin To Net: NetName=NetCx20_2 Pin=D11-1
Added Pin To Net: NetName=NetD8_2 Pin=D11-2
Added Pin To Net: NetName=NetCx20_2 Pin=D11-3
Added Member To Class: ClassName=Sche_Boost Member=Component D8 Diode schottky
Added Member To Class: ClassName=Sche_Boost Member=Component D9 Diode schottky
Added Member To Class: ClassName=Sche_Boost Member=Component D10 Diode schottky
Added Member To Class: ClassName=Sche_Boost Member=Component D11 Diode schottky
