Removed Pin From Net: NetName=NetCx14_2 Pin=D4-1
Removed Pin From Net: NetName=NetCx14_2 Pin=D4-3
Removed Pin From Net: NetName=NetCx14_2 Pin=D5-1
Removed Pin From Net: NetName=NetCx14_2 Pin=D5-3
Removed Pin From Net: NetName=NetCx14_2 Pin=D6-1
Removed Pin From Net: NetName=NetCx14_2 Pin=D6-3
Removed Pin From Net: NetName=NetCx14_2 Pin=D7-1
Removed Pin From Net: NetName=NetCx14_2 Pin=D7-3
Removed Member From Class: ClassName=Sche_Boost Member=D4
Removed Member From Class: ClassName=Sche_Boost Member=D5
Removed Member From Class: ClassName=Sche_Boost Member=D6
Removed Member From Class: ClassName=Sche_Boost Member=D7
Added Component: Designator=D?(TO-220)
Add component (AddParameter): Name = "Availability"; Value = "Unavailable"; VariantName = "[No Variations]"
Add component (AddParameter): Name = "MF"; Value = ""; VariantName = "[No Variations]"
Add component (AddParameter): Name = "MP"; Value = "MBRF20200CT"; VariantName = "[No Variations]"
Add component (AddParameter): Name = "Package"; Value = "None"; VariantName = "[No Variations]"
Add component (AddParameter): Name = "Price"; Value = "None"; VariantName = "[No Variations]"
Add component (AddParameter): Name = "Value"; Value = ""; VariantName = "[No Variations]"
Added Component: Designator=D?(TO-220)
Add component (AddParameter): Name = "Availability"; Value = "Unavailable"; VariantName = "[No Variations]"
Add component (AddParameter): Name = "MF"; Value = ""; VariantName = "[No Variations]"
Add component (AddParameter): Name = "MP"; Value = "MBRF20200CT"; VariantName = "[No Variations]"
Add component (AddParameter): Name = "Package"; Value = "None"; VariantName = "[No Variations]"
Add component (AddParameter): Name = "Price"; Value = "None"; VariantName = "[No Variations]"
Add component (AddParameter): Name = "Value"; Value = ""; VariantName = "[No Variations]"
Added Component: Designator=D?(TO-220)
Add component (AddParameter): Name = "Availability"; Value = "Unavailable"; VariantName = "[No Variations]"
Add component (AddParameter): Name = "MF"; Value = ""; VariantName = "[No Variations]"
Add component (AddParameter): Name = "MP"; Value = "MBRF20200CT"; VariantName = "[No Variations]"
Add component (AddParameter): Name = "Package"; Value = "None"; VariantName = "[No Variations]"
Add component (AddParameter): Name = "Price"; Value = "None"; VariantName = "[No Variations]"
Add component (AddParameter): Name = "Value"; Value = ""; VariantName = "[No Variations]"
Added Component: Designator=D?(TO-220)
Add component (AddParameter): Name = "Availability"; Value = "Unavailable"; VariantName = "[No Variations]"
Add component (AddParameter): Name = "MF"; Value = ""; VariantName = "[No Variations]"
Add component (AddParameter): Name = "MP"; Value = "MBRF20200CT"; VariantName = "[No Variations]"
Add component (AddParameter): Name = "Package"; Value = "None"; VariantName = "[No Variations]"
Add component (AddParameter): Name = "Price"; Value = "None"; VariantName = "[No Variations]"
Add component (AddParameter): Name = "Value"; Value = ""; VariantName = "[No Variations]"
Added Pin To Net: NetName=NetCx14_2 Pin=D?-1
Added Pin To Net: NetName=NetCx14_2 Pin=D?-1
Added Pin To Net: NetName=NetCx14_2 Pin=D?-1
Added Pin To Net: NetName=NetCx14_2 Pin=D?-1
Added Pin To Net: NetName=NetCx14_2 Pin=D?-3
Added Pin To Net: NetName=NetCx14_2 Pin=D?-3
Added Pin To Net: NetName=NetCx14_2 Pin=D?-3
Added Pin To Net: NetName=NetCx14_2 Pin=D?-3
Added Pin To Net: NetName=NetD?_2 Pin=D?-2
Added Pin To Net: NetName=NetD?_2 Pin=D?-2
Added Pin To Net: NetName=NetD?_2 Pin=D?-2
Added Pin To Net: NetName=NetD?_2 Pin=D?-2
Added Pin To Net: NetName=NetD?_2 Pin=U1-5
Added Net: Name=NetD?_2
Added Member To Class: ClassName=Sche_Boost Member=Component D? Diode schottky
Added Member To Class: ClassName=Sche_Boost Member=Component D? Diode schottky
Added Member To Class: ClassName=Sche_Boost Member=Component D? Diode schottky
Added Member To Class: ClassName=Sche_Boost Member=Component D? Diode schottky
