Removed Pin From Net: NetName=NetCx20_2 Pin=Cx20-1
Removed Pin From Net: NetName=NetCx20_2 Pin=Cx21-1
Removed Pin From Net: NetName=NetCx20_2 Pin=Cx22-1
Removed Pin From Net: NetName=NetCx20_2 Pin=Cx23-1
Added Pin To Net: NetName=GND Pin=Cx20-1
Added Pin To Net: NetName=GND Pin=Cx21-1
Added Pin To Net: NetName=GND Pin=Cx22-1
Added Pin To Net: NetName=GND Pin=Cx23-1
Added Pin To Net: NetName=GATE_B Pin=R30-1
Added Pin To Net: NetName=NetQ13_1 Pin=R30-2
Added Pin To Net: NetName=GND Pin=R31-1
Added Pin To Net: NetName=NetQ13_1 Pin=R31-2
Added Pin To Net: NetName=GATE_B Pin=R32-1
Added Pin To Net: NetName=NetQ14_1 Pin=R32-2
Added Pin To Net: NetName=GND Pin=R33-1
Added Pin To Net: NetName=NetQ14_1 Pin=R33-2
Added Pin To Net: NetName=GATE_B Pin=R34-1
Added Pin To Net: NetName=NetQ15_1 Pin=R34-2
Added Pin To Net: NetName=GND Pin=R35-1
Added Pin To Net: NetName=NetQ15_1 Pin=R35-2
Added Pin To Net: NetName=GATE_B Pin=R36-1
Added Pin To Net: NetName=NetQ16_1 Pin=R36-2
Added Pin To Net: NetName=GND Pin=R37-1
Added Pin To Net: NetName=NetQ16_1 Pin=R37-2
Added Member To Class: ClassName=Sche_Boost Member=Component Cx20 100pF/1206/1KV
Added Member To Class: ClassName=Sche_Boost Member=Component Cx21 100pF/1206/1KV
Added Member To Class: ClassName=Sche_Boost Member=Component Cx22 100pF/1206/1KV
Added Member To Class: ClassName=Sche_Boost Member=Component Cx23 100pF/1206/1KV
Added Member To Class: ClassName=Sche_Boost Member=Component R30 Res
Added Member To Class: ClassName=Sche_Boost Member=Component R31 Res
Added Member To Class: ClassName=Sche_Boost Member=Component R32 Res
Added Member To Class: ClassName=Sche_Boost Member=Component R33 Res
Added Member To Class: ClassName=Sche_Boost Member=Component R34 Res
Added Member To Class: ClassName=Sche_Boost Member=Component R35 Res
Added Member To Class: ClassName=Sche_Boost Member=Component R36 Res
Added Member To Class: ClassName=Sche_Boost Member=Component R37 Res
