Removed Pin From Net: NetName=GND Pin=Designator27-1
Removed Pin From Net: NetName=GND Pin=Designator27-2
Remove Pin from Net: Failed to remove Pin
Remove Pin from Net: Failed to remove Pin
Change Component Designator: OldDesignator=DEBUG NewDesignator=LED3
Added Component: Designator=C14(cAP-ALU-30x30mm)
Add component (AddParameter): Name = "LatestRevisionDate"; Value = "17-Jul-2002"; VariantName = "[No Variations]"
Add component (AddParameter): Name = "LatestRevisionNote"; Value = "Re-released for DXP Platform."; VariantName = "[No Variations]"
Add component (AddParameter): Name = "PackageReference"; Value = "C1206"; VariantName = "[No Variations]"
Add component (AddParameter): Name = "Publisher"; Value = "Altium Limited"; VariantName = "[No Variations]"
Add component (AddParameter): Name = "Value"; Value = "104"; VariantName = "[No Variations]"
Added Component: Designator=C15(cAP-ALU-30x30mm)
Add component (AddParameter): Name = "LatestRevisionDate"; Value = "17-Jul-2002"; VariantName = "[No Variations]"
Add component (AddParameter): Name = "LatestRevisionNote"; Value = "Re-released for DXP Platform."; VariantName = "[No Variations]"
Add component (AddParameter): Name = "PackageReference"; Value = "C1206"; VariantName = "[No Variations]"
Add component (AddParameter): Name = "Publisher"; Value = "Altium Limited"; VariantName = "[No Variations]"
Add component (AddParameter): Name = "Value"; Value = "104"; VariantName = "[No Variations]"
Added Pin To Net: NetName=BAT_+ Pin=C14-1
Added Pin To Net: NetName=GND Pin=C14-2
Added Pin To Net: NetName=BAT_+ Pin=C15-1
Added Pin To Net: NetName=GND Pin=C15-2
Added Member To Class: ClassName=Sche_Boost Member=Component C14 35V/10mF
Added Member To Class: ClassName=Sche_Boost Member=Component C15 35V/10mF
