Removed Pin From Net: NetName=+5 Pin=C5-1
Removed Pin From Net: NetName=+5 Pin=C6-1
Removed Pin From Net: NetName=GND Pin=C6-2
Removed Pin From Net: NetName=BAT_+ Pin=C7-1
Removed Pin From Net: NetName=GND Pin=C7-2
Removed Member From Class: ClassName=Sche_Boost Member=C6
Removed Member From Class: ClassName=Sche_Boost Member=C7
Change Component Footprint: Designator=C5 Old Footprint=CAP-DIP-5x7mm New Footprint=Cap Alu 8x12mm
Change Component Comment : Designator=C5 Old Comment=100uF/16V/5x11 New Comment=330uF/25V
Change component parameters: Designator = "C5" ("C5"); Footprint = "CAP-DIP-5x7mm"; UniqueID = "\DHNOCQXX" ("\DHNOCQXX")
Change component parameters (AddParameter): Name = "Check_prices"; Value = "https://www.snapeda.com/parts/EEEFN1A101UR/Panasonic/view-part/5785072/?ref=eda"; VariantName = "[No Variations]"
Change component parameters (AddParameter): Name = "Digi-Key_Part_Number"; Value = "10-EEE-FN1A101URCT-ND"; VariantName = "[No Variations]"
Change component parameters (AddParameter): Name = "MF"; Value = "Panasonic"; VariantName = "[No Variations]"
Change component parameters (AddParameter): Name = "MP"; Value = "EEEFN1A101UR"; VariantName = "[No Variations]"
Change component parameters (AddParameter): Name = "Package"; Value = "RADIAL-2 Panasonic"; VariantName = "[No Variations]"
Change component parameters (AddParameter): Name = "SnapEDA_Link"; Value = "https://www.snapeda.com/parts/EEEFN1A101UR/Panasonic/view-part/5785072/?ref=snap"; VariantName = "[No Variations]"
Change component parameters (AddParameter): Name = "Value"; Value = ""; VariantName = "[No Variations]"
Added Component: Designator=C1(Cap Alu 8x12mm)
Add component (AddParameter): Name = "Check_prices"; Value = "https://www.snapeda.com/parts/EEEFN1A101UR/Panasonic/view-part/5785072/?ref=eda"; VariantName = "[No Variations]"
Add component (AddParameter): Name = "Digi-Key_Part_Number"; Value = "10-EEE-FN1A101URCT-ND"; VariantName = "[No Variations]"
Add component (AddParameter): Name = "MF"; Value = "Panasonic"; VariantName = "[No Variations]"
Add component (AddParameter): Name = "MP"; Value = "EEEFN1A101UR"; VariantName = "[No Variations]"
Add component (AddParameter): Name = "Package"; Value = "RADIAL-2 Panasonic"; VariantName = "[No Variations]"
Add component (AddParameter): Name = "SnapEDA_Link"; Value = "https://www.snapeda.com/parts/EEEFN1A101UR/Panasonic/view-part/5785072/?ref=snap"; VariantName = "[No Variations]"
Add component (AddParameter): Name = "Value"; Value = ""; VariantName = "[No Variations]"
Added Component: Designator=C2(Cap Alu 8x12mm)
Add component (AddParameter): Name = "Check_prices"; Value = "https://www.snapeda.com/parts/EEEFN1A101UR/Panasonic/view-part/5785072/?ref=eda"; VariantName = "[No Variations]"
Add component (AddParameter): Name = "Digi-Key_Part_Number"; Value = "10-EEE-FN1A101URCT-ND"; VariantName = "[No Variations]"
Add component (AddParameter): Name = "MF"; Value = "Panasonic"; VariantName = "[No Variations]"
Add component (AddParameter): Name = "MP"; Value = "EEEFN1A101UR"; VariantName = "[No Variations]"
Add component (AddParameter): Name = "Package"; Value = "RADIAL-2 Panasonic"; VariantName = "[No Variations]"
Add component (AddParameter): Name = "SnapEDA_Link"; Value = "https://www.snapeda.com/parts/EEEFN1A101UR/Panasonic/view-part/5785072/?ref=snap"; VariantName = "[No Variations]"
Add component (AddParameter): Name = "Value"; Value = ""; VariantName = "[No Variations]"
Added Pin To Net: NetName=+5 Pin=C1-1
Added Pin To Net: NetName=GND Pin=C1-2
Added Pin To Net: NetName=+5 Pin=C2-1
Added Pin To Net: NetName=GND Pin=C2-2
Added Pin To Net: NetName=BAT_+ Pin=C5-1
Added Member To Class: ClassName=Sche_Boost Member=Component C1 1000uF/10V
Added Member To Class: ClassName=Sche_Boost Member=Component C2 1000uF/10V
