Added Component: Designator=C10(JACK_DC_120A)
Add component (AddParameter): Name = "ComponentLink1 Description"; Value = "Manufacturer"; VariantName = "[No Variations]"
Add component (AddParameter): Name = "ComponentLink1URL"; Value = "http://www.we-online.com"; VariantName = "[No Variations]"
Add component (AddParameter): Name = "ComponentLink2 Description"; Value = "Datasheet"; VariantName = "[No Variations]"
Add component (AddParameter): Name = "ComponentLink2URL"; Value = "http://katalog.we-online.de/em/datasheet/6130xx143121.pdf"; VariantName = "[No Variations]"
Add component (AddParameter): Name = "Created by"; Value = "Karrer Zheng"; VariantName = "[No Variations]"
Add component (AddParameter): Name = "Created Date"; Value = "29 March 2013"; VariantName = "[No Variations]"
Add component (AddParameter): Name = "Manufacturer"; Value = "W¨¹rth Elektronik eiSos GmbH"; VariantName = "[No Variations]"
Add component (AddParameter): Name = "NoPins"; Value = "02"; VariantName = "[No Variations]"
Add component (AddParameter): Name = "partNo"; Value = "613002143121"; VariantName = "[No Variations]"
Added Component: Designator=C11(JACK_DC_120A)
Add component (AddParameter): Name = "ComponentLink1 Description"; Value = "Manufacturer"; VariantName = "[No Variations]"
Add component (AddParameter): Name = "ComponentLink1URL"; Value = "http://www.we-online.com"; VariantName = "[No Variations]"
Add component (AddParameter): Name = "ComponentLink2 Description"; Value = "Datasheet"; VariantName = "[No Variations]"
Add component (AddParameter): Name = "ComponentLink2URL"; Value = "http://katalog.we-online.de/em/datasheet/6130xx143121.pdf"; VariantName = "[No Variations]"
Add component (AddParameter): Name = "Created by"; Value = "Karrer Zheng"; VariantName = "[No Variations]"
Add component (AddParameter): Name = "Created Date"; Value = "29 March 2013"; VariantName = "[No Variations]"
Add component (AddParameter): Name = "Manufacturer"; Value = "W¨¹rth Elektronik eiSos GmbH"; VariantName = "[No Variations]"
Add component (AddParameter): Name = "NoPins"; Value = "02"; VariantName = "[No Variations]"
Add component (AddParameter): Name = "partNo"; Value = "613002143121"; VariantName = "[No Variations]"
Added Pin To Net: NetName=NetD6_2 Pin=C10-1
Added Pin To Net: NetName=NetD6_2 Pin=C10-1
Added Pin To Net: NetName=NetD6_2 Pin=C10-1
Added Pin To Net: NetName=NetD6_2 Pin=C10-1
Added Pin To Net: NetName=GND Pin=C10-2
Added Pin To Net: NetName=GND Pin=C10-2
Added Pin To Net: NetName=GND Pin=C10-2
Added Pin To Net: NetName=GND Pin=C10-2
Added Pin To Net: NetName=BAT_IN- Pin=C11-1
Added Pin To Net: NetName=BAT_IN- Pin=C11-1
Added Pin To Net: NetName=BAT_IN- Pin=C11-1
Added Pin To Net: NetName=BAT_IN- Pin=C11-1
Added Pin To Net: NetName=BAT_IN+ Pin=C11-2
Added Pin To Net: NetName=BAT_IN+ Pin=C11-2
Added Pin To Net: NetName=BAT_IN+ Pin=C11-2
Added Pin To Net: NetName=BAT_IN+ Pin=C11-2
Change Net Name : Old Net Name=NetD6_2 New Net Name=NetC10_1
Added Member To Class: ClassName=Sche_Boost Member=Component C10 JP2
Added Member To Class: ClassName=Sche_Boost Member=Component C11 JP2
